0 info it worked if it ends with ok
1 verbose cli [ '/Users/laura_gonzalez/.nvm/versions/node/v5.12.0/bin/node',
1 verbose cli   '/Users/laura_gonzalez/.nvm/versions/node/v5.12.0/bin/npm',
1 verbose cli   'run',
1 verbose cli   'release' ]
2 info using npm@3.8.6
3 info using node@v5.12.0
4 verbose run-script [ 'prerelease', 'release', 'postrelease' ]
5 info lifecycle interactive-gdpr-opt-in@1.0.0~prerelease: interactive-gdpr-opt-in@1.0.0
6 silly lifecycle interactive-gdpr-opt-in@1.0.0~prerelease: no script for prerelease, continuing
7 info lifecycle interactive-gdpr-opt-in@1.0.0~release: interactive-gdpr-opt-in@1.0.0
8 verbose lifecycle interactive-gdpr-opt-in@1.0.0~release: unsafe-perm in lifecycle true
9 verbose lifecycle interactive-gdpr-opt-in@1.0.0~release: PATH: /Users/laura_gonzalez/.nvm/versions/node/v5.12.0/lib/node_modules/npm/bin/node-gyp-bin:/Users/laura_gonzalez/Repos/interactive-gdpr-opt-in/node_modules/.bin:/Users/laura_gonzalez/.nvm/versions/node/v5.12.0/bin:/Users/laura_gonzalez/.nvm/versions/node/v5.12.0/bin:/Users/laura_gonzalez/Repos/feria/bin:/Library/Frameworks/Python.framework/Versions/2.7/bin:/Users/laura_gonzalez/.avn/bin:/usr/local/bin:/usr/bin:/bin:/usr/sbin:/sbin:/opt/X11/bin:/usr/local/MacGPG2/bin
10 verbose lifecycle interactive-gdpr-opt-in@1.0.0~release: CWD: /Users/laura_gonzalez/Repos/interactive-gdpr-opt-in
11 silly lifecycle interactive-gdpr-opt-in@1.0.0~release: Args: [ '-c', './bin/release.js' ]
12 silly lifecycle interactive-gdpr-opt-in@1.0.0~release: Returned: code: 1  signal: null
13 info lifecycle interactive-gdpr-opt-in@1.0.0~release: Failed to exec release script
14 verbose stack Error: interactive-gdpr-opt-in@1.0.0 release: `./bin/release.js`
14 verbose stack Exit status 1
14 verbose stack     at EventEmitter.<anonymous> (/Users/laura_gonzalez/.nvm/versions/node/v5.12.0/lib/node_modules/npm/lib/utils/lifecycle.js:239:16)
14 verbose stack     at emitTwo (events.js:100:13)
14 verbose stack     at EventEmitter.emit (events.js:185:7)
14 verbose stack     at ChildProcess.<anonymous> (/Users/laura_gonzalez/.nvm/versions/node/v5.12.0/lib/node_modules/npm/lib/utils/spawn.js:24:14)
14 verbose stack     at emitTwo (events.js:100:13)
14 verbose stack     at ChildProcess.emit (events.js:185:7)
14 verbose stack     at maybeClose (internal/child_process.js:850:16)
14 verbose stack     at Process.ChildProcess._handle.onexit (internal/child_process.js:215:5)
15 verbose pkgid interactive-gdpr-opt-in@1.0.0
16 verbose cwd /Users/laura_gonzalez/Repos/interactive-gdpr-opt-in
17 error Darwin 15.6.0
18 error argv "/Users/laura_gonzalez/.nvm/versions/node/v5.12.0/bin/node" "/Users/laura_gonzalez/.nvm/versions/node/v5.12.0/bin/npm" "run" "release"
19 error node v5.12.0
20 error npm  v3.8.6
21 error code ELIFECYCLE
22 error interactive-gdpr-opt-in@1.0.0 release: `./bin/release.js`
22 error Exit status 1
23 error Failed at the interactive-gdpr-opt-in@1.0.0 release script './bin/release.js'.
23 error Make sure you have the latest version of node.js and npm installed.
23 error If you do, this is most likely a problem with the interactive-gdpr-opt-in package,
23 error not with npm itself.
23 error Tell the author that this fails on your system:
23 error     ./bin/release.js
23 error You can get information on how to open an issue for this project with:
23 error     npm bugs interactive-gdpr-opt-in
23 error Or if that isn't available, you can get their info via:
23 error     npm owner ls interactive-gdpr-opt-in
23 error There is likely additional logging output above.
24 verbose exit [ 1, true ]
